  back.cpp
  cursor.cpp
  data.cpp
  effect.cpp
  exef.cpp
  fade.cpp
  input.cpp
  main.cpp
C:\Users\student\OneDrive - yoshida-g.ac.jp\デスクトップ\Git\HGS1\HGS1\main.cpp(38,23): warning C4302: '型キャスト': 'const char *' から 'WORD' へ切り詰めます。
C:\Users\student\OneDrive - yoshida-g.ac.jp\デスクトップ\Git\HGS1\HGS1\main.cpp(43,23): warning C4302: '型キャスト': 'const char *' から 'WORD' へ切り詰めます。
C:\Users\student\OneDrive - yoshida-g.ac.jp\デスクトップ\Git\HGS1\HGS1\main.cpp(76,72): warning C4302: '型キャスト': 'const char *' から 'WORD' へ切り詰めます。
C:\Users\student\OneDrive - yoshida-g.ac.jp\デスクトップ\Git\HGS1\HGS1\main.cpp(77,70): warning C4302: '型キャスト': 'const char *' から 'WORD' へ切り詰めます。
  movie.cpp
  player.cpp
  rank.cpp
  score.cpp
  sound.cpp
  title.cpp
  コード生成しています。
  25 of 25 functions (100.0%) were compiled.
    15 functions were new in current compilation
    0 functions had inline decision re-evaluated but remain unchanged
  コード生成が終了しました。
  HGS1.vcxproj -> C:\Users\student\OneDrive - yoshida-g.ac.jp\デスクトップ\Git\HGS1\HGS1\hgs1.exe
